2026-07-04 14:34:23 - Добавлена запись бронирования
2026-07-04 14:35:21 - Добавлена запись бронирования
2026-07-04 14:35:24 - Сортировка по клиенту
2026-07-04 14:35:27 - Сортировка по ночам
2026-07-04 14:36:18 - Сохранение в текстовый файл: C:/Users/TECNO/OneDrive/Документы/Летняя практика 2026 Субоч Анастасия/practika_lab/build/Desktop_Qt_6_11_0_MinGW_64_bit-u041eu0442u043bu0430u0434u043au0430/debug/работа.txt
2026-07-04 14:36:26 - Загрузка из текстового файла: C:/Users/TECNO/OneDrive/Документы/Летняя практика 2026 Субоч Анастасия/practika_lab/build/Desktop_Qt_6_11_0_MinGW_64_bit-u041eu0442u043bu0430u0434u043au0430/debug/работа.txt
2026-07-04 14:37:23 - Загрузка из текстового файла: C:/Users/TECNO/OneDrive/Документы/Летняя практика 2026 Субоч Анастасия/practika_lab/build/Desktop_Qt_6_11_0_MinGW_64_bit-u041eu0442u043bu0430u0434u043au0430/debug/работа.txt
2026-07-08 17:06:48 - Добавлена запись бронирования
2026-07-08 17:07:16 - Поиск по клиенту: Субоч Анастасия
2026-07-08 17:07:24 - Сортировка по клиенту
2026-07-08 17:07:52 - Добавлена запись бронирования
2026-07-08 17:08:36 - Добавлена запись бронирования
2026-07-08 17:08:44 - Сортировка по клиенту
2026-07-08 17:08:51 - Сортировка по ночам
2026-07-08 17:08:58 - Удалена запись №1
2026-07-08 17:11:11 - Загрузка из текстового файла: C:/Users/TECNO/OneDrive/Документы/Летняя практика 2026 Субоч Анастасия/practika_lab/build/Desktop_Qt_6_11_0_MinGW_64_bit-u041eu0442u043bu0430u0434u043au0430/debug/работа.txt
2026-07-08 17:46:04 - Добавлена запись бронирования
2026-07-08 17:46:59 - Добавлена запись бронирования
2026-07-08 17:47:37 - Добавлена запись бронирования
2026-07-08 17:48:16 - Сортировка по клиенту
2026-07-08 17:48:26 - Удалена запись №2
2026-07-09 11:35:03 - Загрузка из текстового файла: C:/Users/TECNO/OneDrive/Документы/Summer_pract/practika_lab/build/Desktop_Qt_6_11_0_MinGW_64_bit-u041eu0442u043bu0430u0434u043au0430/debug/работа.txt
2026-07-09 11:36:28 - Добавлена запись бронирования
2026-07-09 11:37:18 - Добавлена запись бронирования
2026-07-09 15:11:50 - Добавлена запись бронирования
2026-07-09 15:12:24 - Добавлена запись бронирования
2026-07-09 15:12:32 - Удалена запись №2
2026-07-09 15:12:37 - Сортировка по ночам
2026-07-09 15:12:52 - Добавлена запись бронирования
2026-07-09 15:13:20 - Добавлена запись бронирования
2026-07-09 15:13:34 - Сохранение в текстовый файл: C:/Users/TECNO/OneDrive/Документы/Summer_pract/practika_lab/build/Desktop_Qt_6_11_0_MinGW_64_bit-u041eu0442u043bu0430u0434u043au0430/debug/работа.txt
